<?xml version="1.0" encoding="UTF-8"?>
<!-- Generated by org.testng.reporters.JUnitXMLReporter -->
<testsuite ignored="0" hostname="LAPTOP-CB94FEJP" failures="0" tests="22" name="Default test" time="40.359" errors="0" timestamp="2024-04-15T01:46:46 IST">
  <testcase classname="com.learnertracker.pages.TestClass" name="TC_LHP_001" time="0.122"/>
  <testcase classname="com.learnertracker.pages.TestClass" name="TC_TLG_001" time="0.66"/>
  <testcase classname="com.learnertracker.pages.TestClass" name="TC_TLG_002" time="0.649"/>
  <testcase classname="com.learnertracker.pages.TestClass" name="TC_TLG_003" time="0.23"/>
  <testcase classname="com.learnertracker.pages.TestClass" name="TC_LRF_002" time="1.194"/>
  <testcase classname="com.learnertracker.pages.TestClass" name="TC_LRF_003" time="0.492"/>
  <testcase classname="com.learnertracker.pages.TestClass" name="TC_LRF_004" time="0.7"/>
  <testcase classname="com.learnertracker.pages.TestClass" name="TC_LRF_005" time="1.06"/>
  <testcase classname="com.learnertracker.pages.TestClass" name="TC_LRF_006" time="1.076"/>
  <testcase classname="com.learnertracker.pages.TestClass" name="TC_LRF_007" time="1.374"/>
  <testcase classname="com.learnertracker.pages.TestClass" name="TC_LRF_001" time="1.307"/>
  <testcase classname="com.learnertracker.pages.TestClass" name="TC_CSV_001" time="5.924"/>
  <testcase classname="com.learnertracker.pages.TestClass" name="TC_ELF_002" time="4.245"/>
  <testcase classname="com.learnertracker.pages.TestClass" name="TC_ELF_003" time="4.481"/>
  <testcase classname="com.learnertracker.pages.TestClass" name="TC_ELF_001" time="3.919"/>
  <testcase classname="com.learnertracker.pages.TestClass" name="TC_DLD_001" time="3.587"/>
  <testcase classname="com.learnertracker.pages.TestClass" name="TC_TLO_001" time="0.15"/>
  <testcase classname="com.learnertracker.pages.TestClass" name="TC_PLG_001" time="0.888"/>
  <testcase classname="com.learnertracker.pages.TestClass" name="TC_PLG_002" time="0.541"/>
  <testcase classname="com.learnertracker.pages.TestClass" name="TC_PLG_003" time="0.183"/>
  <testcase classname="com.learnertracker.pages.TestClass" name="TC_PSU_001" time="3.0"/>
  <testcase classname="com.learnertracker.pages.TestClass" name="TC_PLO_001" time="0.081"/>
</testsuite> <!-- Default test -->
