<?xml version="1.0" encoding="UTF-8"?>
<testng-results ignored="0" total="22" passed="22" failed="0" skipped="0">
  <reporter-output>
  </reporter-output>
  <suite started-at="2024-04-15T01:46:05 IST" name="Default suite" finished-at="2024-04-15T01:46:46 IST" duration-ms="40359">
    <groups>
    </groups>
    <test started-at="2024-04-15T01:46:05 IST" name="Default test" finished-at="2024-04-15T01:46:46 IST" duration-ms="40359">
      <class name="com.learnertracker.pages.TestClass">
        <test-method is-config="true" signature="Configure()[pri:0, instance:com.learnertracker.pages.TestClass@1a942c18]" started-at="2024-04-15T01:46:05 IST" name="Configure" finished-at="2024-04-15T01:46:10 IST" duration-ms="4405" status="PASS">
          <reporter-output>
          </reporter-output>
        </test-method> <!-- Configure -->
        <test-method signature="TC_LHP_001()[pri:1, instance:com.learnertracker.pages.TestClass@1a942c18]" started-at="2024-04-15T01:46:10 IST" name="TC_LHP_001" finished-at="2024-04-15T01:46:10 IST" duration-ms="122" status="PASS">
          <reporter-output>
          </reporter-output>
        </test-method> <!-- TC_LHP_001 -->
        <test-method signature="TC_TLG_001()[pri:2, instance:com.learnertracker.pages.TestClass@1a942c18]" started-at="2024-04-15T01:46:10 IST" name="TC_TLG_001" finished-at="2024-04-15T01:46:10 IST" duration-ms="660" status="PASS">
          <reporter-output>
          </reporter-output>
        </test-method> <!-- TC_TLG_001 -->
        <test-method signature="TC_TLG_002()[pri:3, instance:com.learnertracker.pages.TestClass@1a942c18]" started-at="2024-04-15T01:46:10 IST" name="TC_TLG_002" finished-at="2024-04-15T01:46:11 IST" duration-ms="649" status="PASS">
          <reporter-output>
          </reporter-output>
        </test-method> <!-- TC_TLG_002 -->
        <test-method signature="TC_TLG_003()[pri:4, instance:com.learnertracker.pages.TestClass@1a942c18]" started-at="2024-04-15T01:46:11 IST" name="TC_TLG_003" finished-at="2024-04-15T01:46:11 IST" duration-ms="230" status="PASS">
          <reporter-output>
          </reporter-output>
        </test-method> <!-- TC_TLG_003 -->
        <test-method signature="TC_LRF_002()[pri:5, instance:com.learnertracker.pages.TestClass@1a942c18]" started-at="2024-04-15T01:46:11 IST" name="TC_LRF_002" finished-at="2024-04-15T01:46:13 IST" duration-ms="1194" status="PASS">
          <reporter-output>
          </reporter-output>
        </test-method> <!-- TC_LRF_002 -->
        <test-method signature="TC_LRF_003()[pri:6, instance:com.learnertracker.pages.TestClass@1a942c18]" started-at="2024-04-15T01:46:13 IST" name="TC_LRF_003" finished-at="2024-04-15T01:46:13 IST" duration-ms="492" status="PASS">
          <reporter-output>
          </reporter-output>
        </test-method> <!-- TC_LRF_003 -->
        <test-method signature="TC_LRF_004()[pri:7, instance:com.learnertracker.pages.TestClass@1a942c18]" started-at="2024-04-15T01:46:13 IST" name="TC_LRF_004" finished-at="2024-04-15T01:46:14 IST" duration-ms="700" status="PASS">
          <reporter-output>
          </reporter-output>
        </test-method> <!-- TC_LRF_004 -->
        <test-method signature="TC_LRF_005()[pri:8, instance:com.learnertracker.pages.TestClass@1a942c18]" started-at="2024-04-15T01:46:14 IST" name="TC_LRF_005" finished-at="2024-04-15T01:46:15 IST" duration-ms="1060" status="PASS">
          <reporter-output>
          </reporter-output>
        </test-method> <!-- TC_LRF_005 -->
        <test-method signature="TC_LRF_006()[pri:9, instance:com.learnertracker.pages.TestClass@1a942c18]" started-at="2024-04-15T01:46:15 IST" name="TC_LRF_006" finished-at="2024-04-15T01:46:16 IST" duration-ms="1076" status="PASS">
          <reporter-output>
          </reporter-output>
        </test-method> <!-- TC_LRF_006 -->
        <test-method signature="TC_LRF_007()[pri:10, instance:com.learnertracker.pages.TestClass@1a942c18]" started-at="2024-04-15T01:46:16 IST" name="TC_LRF_007" finished-at="2024-04-15T01:46:17 IST" duration-ms="1374" status="PASS">
          <reporter-output>
          </reporter-output>
        </test-method> <!-- TC_LRF_007 -->
        <test-method signature="TC_LRF_001()[pri:11, instance:com.learnertracker.pages.TestClass@1a942c18]" started-at="2024-04-15T01:46:17 IST" name="TC_LRF_001" finished-at="2024-04-15T01:46:19 IST" duration-ms="1307" status="PASS">
          <reporter-output>
          </reporter-output>
        </test-method> <!-- TC_LRF_001 -->
        <test-method signature="TC_CSV_001()[pri:12, instance:com.learnertracker.pages.TestClass@1a942c18]" started-at="2024-04-15T01:46:19 IST" name="TC_CSV_001" finished-at="2024-04-15T01:46:24 IST" duration-ms="5924" status="PASS">
          <reporter-output>
          </reporter-output>
        </test-method> <!-- TC_CSV_001 -->
        <test-method signature="TC_ELF_002()[pri:13, instance:com.learnertracker.pages.TestClass@1a942c18]" started-at="2024-04-15T01:46:24 IST" name="TC_ELF_002" finished-at="2024-04-15T01:46:29 IST" duration-ms="4245" status="PASS">
          <reporter-output>
          </reporter-output>
        </test-method> <!-- TC_ELF_002 -->
        <test-method signature="TC_ELF_003()[pri:14, instance:com.learnertracker.pages.TestClass@1a942c18]" started-at="2024-04-15T01:46:29 IST" name="TC_ELF_003" finished-at="2024-04-15T01:46:33 IST" duration-ms="4481" status="PASS">
          <reporter-output>
          </reporter-output>
        </test-method> <!-- TC_ELF_003 -->
        <test-method signature="TC_ELF_001()[pri:15, instance:com.learnertracker.pages.TestClass@1a942c18]" started-at="2024-04-15T01:46:33 IST" name="TC_ELF_001" finished-at="2024-04-15T01:46:37 IST" duration-ms="3919" status="PASS">
          <reporter-output>
          </reporter-output>
        </test-method> <!-- TC_ELF_001 -->
        <test-method signature="TC_DLD_001()[pri:16, instance:com.learnertracker.pages.TestClass@1a942c18]" started-at="2024-04-15T01:46:37 IST" name="TC_DLD_001" finished-at="2024-04-15T01:46:41 IST" duration-ms="3587" status="PASS">
          <reporter-output>
          </reporter-output>
        </test-method> <!-- TC_DLD_001 -->
        <test-method signature="TC_TLO_001()[pri:17, instance:com.learnertracker.pages.TestClass@1a942c18]" started-at="2024-04-15T01:46:41 IST" name="TC_TLO_001" finished-at="2024-04-15T01:46:41 IST" duration-ms="150" status="PASS">
          <reporter-output>
          </reporter-output>
        </test-method> <!-- TC_TLO_001 -->
        <test-method signature="TC_PLG_001()[pri:18, instance:com.learnertracker.pages.TestClass@1a942c18]" started-at="2024-04-15T01:46:41 IST" name="TC_PLG_001" finished-at="2024-04-15T01:46:42 IST" duration-ms="888" status="PASS">
          <reporter-output>
          </reporter-output>
        </test-method> <!-- TC_PLG_001 -->
        <test-method signature="TC_PLG_002()[pri:19, instance:com.learnertracker.pages.TestClass@1a942c18]" started-at="2024-04-15T01:46:42 IST" name="TC_PLG_002" finished-at="2024-04-15T01:46:42 IST" duration-ms="541" status="PASS">
          <reporter-output>
          </reporter-output>
        </test-method> <!-- TC_PLG_002 -->
        <test-method signature="TC_PLG_003()[pri:20, instance:com.learnertracker.pages.TestClass@1a942c18]" started-at="2024-04-15T01:46:42 IST" name="TC_PLG_003" finished-at="2024-04-15T01:46:42 IST" duration-ms="183" status="PASS">
          <reporter-output>
          </reporter-output>
        </test-method> <!-- TC_PLG_003 -->
        <test-method signature="TC_PSU_001()[pri:21, instance:com.learnertracker.pages.TestClass@1a942c18]" started-at="2024-04-15T01:46:42 IST" name="TC_PSU_001" finished-at="2024-04-15T01:46:45 IST" duration-ms="3000" status="PASS">
          <reporter-output>
          </reporter-output>
        </test-method> <!-- TC_PSU_001 -->
        <test-method signature="TC_PLO_001()[pri:22, instance:com.learnertracker.pages.TestClass@1a942c18]" started-at="2024-04-15T01:46:45 IST" name="TC_PLO_001" finished-at="2024-04-15T01:46:46 IST" duration-ms="81" status="PASS">
          <reporter-output>
          </reporter-output>
        </test-method> <!-- TC_PLO_001 -->
        <test-method is-config="true" signature="Final()[pri:0, instance:com.learnertracker.pages.TestClass@1a942c18]" started-at="2024-04-15T01:46:46 IST" name="Final" finished-at="2024-04-15T01:46:46 IST" duration-ms="0" status="PASS">
          <reporter-output>
          </reporter-output>
        </test-method> <!-- Final -->
      </class> <!-- com.learnertracker.pages.TestClass -->
    </test> <!-- Default test -->
  </suite> <!-- Default suite -->
</testng-results>
